2025-09-14 06:37:54 [INFO] org.hibernate.Version - HHH000412: Hibernate ORM core version 7.1.0.Final
2025-09-14 06:37:54 [WARN] org.hibernate.orm.deprecation - HHH90000012: Recognized obsolete hibernate namespace http://hibernate.sourceforge.net/hibernate-configuration. Use namespace http://www.hibernate.org/dtd/hibernate-configuration instead.  Support for obsolete DTD/XSD namespaces may be removed at any time.
2025-09-14 06:37:54 [WARN] o.hibernate.orm.connections.pooling - HHH10001002: Using built-in connection pool (not intended for production use)
2025-09-14 06:37:54 [WARN] org.hibernate.orm.deprecation - HHH90000025: PostgreSQLDialect does not need to be specified explicitly using 'hibernate.dialect' (remove the property setting and it will be selected by default)
2025-09-14 06:37:54 [INFO] o.hibernate.orm.connections.pooling - HHH10001005: Database info:
	Database JDBC URL [jdbc:postgresql://localhost:5432/user_db]
	Database driver: PostgreSQL JDBC Driver
	Database dialect: PostgreSQLDialect
	Database version: 17.5
	Default catalog/schema: user_db/public
	Autocommit mode: false
	Isolation level: READ_COMMITTED
	JDBC fetch size: none
	Pool: DriverManagerConnectionProviderImpl
	Minimum pool size: 1
	Maximum pool size: 20
2025-09-14 06:37:55 [INFO] o.h.e.t.j.p.i.JtaPlatformInitiator - HHH000489: No JTA platform available (set 'hibernate.transaction.jta.platform' to enable JTA platform integration)
2025-09-14 06:38:03 [WARN] org.hibernate.orm.jdbc.error - HHH000247: ErrorCode: 0, SQLState: 23505
2025-09-14 06:38:03 [WARN] org.hibernate.orm.jdbc.error - ОШИБКА: повторяющееся значение ключа нарушает ограничение уникальности "_user_email_key"
  Detail: Ключ "(email)=(new@mail.ru)" уже существует.
2025-09-14 06:38:03 [WARN] ru.sakhapov.UserDao - юзер с email new@mail.ru уже существует
2025-09-14 06:38:03 [INFO] ru.sakhapov.Main - Создан юзер: new@mail.ru
2025-09-14 06:38:47 [INFO] org.hibernate.Version - HHH000412: Hibernate ORM core version 7.1.0.Final
2025-09-14 06:38:47 [WARN] org.hibernate.orm.deprecation - HHH90000012: Recognized obsolete hibernate namespace http://hibernate.sourceforge.net/hibernate-configuration. Use namespace http://www.hibernate.org/dtd/hibernate-configuration instead.  Support for obsolete DTD/XSD namespaces may be removed at any time.
2025-09-14 06:38:47 [WARN] o.hibernate.orm.connections.pooling - HHH10001002: Using built-in connection pool (not intended for production use)
2025-09-14 06:38:47 [WARN] org.hibernate.orm.deprecation - HHH90000025: PostgreSQLDialect does not need to be specified explicitly using 'hibernate.dialect' (remove the property setting and it will be selected by default)
2025-09-14 06:38:47 [INFO] o.hibernate.orm.connections.pooling - HHH10001005: Database info:
	Database JDBC URL [jdbc:postgresql://localhost:5432/user_db]
	Database driver: PostgreSQL JDBC Driver
	Database dialect: PostgreSQLDialect
	Database version: 17.5
	Default catalog/schema: user_db/public
	Autocommit mode: false
	Isolation level: READ_COMMITTED
	JDBC fetch size: none
	Pool: DriverManagerConnectionProviderImpl
	Minimum pool size: 1
	Maximum pool size: 20
2025-09-14 06:38:48 [INFO] o.h.e.t.j.p.i.JtaPlatformInitiator - HHH000489: No JTA platform available (set 'hibernate.transaction.jta.platform' to enable JTA platform integration)
2025-09-14 06:38:48 [INFO] ru.sakhapov.UserDao - Пользователь сохранён: new@mail.ru
2025-09-14 06:38:55 [WARN] org.hibernate.orm.jdbc.error - HHH000247: ErrorCode: 0, SQLState: 23505
2025-09-14 06:38:55 [WARN] org.hibernate.orm.jdbc.error - ОШИБКА: повторяющееся значение ключа нарушает ограничение уникальности "_user_email_key"
  Detail: Ключ "(email)=(new@mail.ru)" уже существует.
2025-09-14 06:38:55 [WARN] ru.sakhapov.UserDao - юзер с email new@mail.ru уже существует
